b:\234325\cg-hw2\cgwork\debug\cgwork.pch
b:\234325\cg-hw2\cgwork\debug\vc120.pdb
b:\234325\cg-hw2\cgwork\debug\vc120.idb
b:\234325\cg-hw2\cgwork\debug\stdafx.obj
b:\234325\cg-hw2\cgwork\debug\pngwrapper.obj
b:\234325\cg-hw2\cgwork\debug\materialdlg.obj
b:\234325\cg-hw2\cgwork\debug\mainfrm.obj
b:\234325\cg-hw2\cgwork\debug\lightdialog.obj
b:\234325\cg-hw2\cgwork\debug\iritskel.obj
b:\234325\cg-hw2\cgwork\debug\cgworkview.obj
b:\234325\cg-hw2\cgwork\debug\cgworkdoc.obj
b:\234325\cg-hw2\cgwork\debug\cgwork.obj
b:\234325\cg-hw2\bin\debug\cgwork.ilk
b:\234325\cg-hw2\bin\debug\cgwork.exe
b:\234325\cg-hw2\cgwork\debug\cgwork.pdb
b:\234325\cg-hw2\cgwork\debug\cgwork.res
b:\234325\cg-hw2\cgwork\..\bin\debug\cgwork.exe
b:\234325\cg-hw2\cgwork\debug\cgwork.tlog\cl.command.1.tlog
b:\234325\cg-hw2\cgwork\debug\cgwork.tlog\cl.read.1.tlog
b:\234325\cg-hw2\cgwork\debug\cgwork.tlog\cl.write.1.tlog
b:\234325\cg-hw2\cgwork\debug\cgwork.tlog\link.command.1.tlog
b:\234325\cg-hw2\cgwork\debug\cgwork.tlog\link.read.1.tlog
b:\234325\cg-hw2\cgwork\debug\cgwork.tlog\link.write.1.tlog
b:\234325\cg-hw2\cgwork\debug\cgwork.tlog\rc.command.1.tlog
b:\234325\cg-hw2\cgwork\debug\cgwork.tlog\rc.read.1.tlog
b:\234325\cg-hw2\cgwork\debug\cgwork.tlog\rc.write.1.tlog
